<?xml version="1.0" encoding="UTF-8"?>
<coverage generated="1661866605414" clover="3.2.0">
  <project timestamp="1661866605414" name="All files">
    <metrics statements="10" coveredstatements="2" conditionals="2" coveredconditionals="0" methods="4" coveredmethods="1" elements="16" coveredelements="3" complexity="0" loc="10" ncloc="10" packages="1" files="3" classes="3"/>
    <file name="index.js" path="/Users/joakimvu/Documents/GitHub/Webapplikasjoner/jest_intro/src/index.js">
      <metrics statements="7" coveredstatements="2" conditionals="2" coveredconditionals="0" methods="2" coveredmethods="1"/>
      <line num="2" count="0" type="stmt"/>
      <line num="3" count="0" type="cond" truecount="0" falsecount="2"/>
      <line num="4" count="0" type="stmt"/>
      <line num="6" count="0" type="stmt"/>
      <line num="9" count="1" type="stmt"/>
      <line num="11" count="1" type="stmt"/>
      <line num="12" count="0" type="stmt"/>
    </file>
    <file name="randomPromiseFunction.js" path="/Users/joakimvu/Documents/GitHub/Webapplikasjoner/jest_intro/src/randomPromiseFunction.js">
      <metrics statements="1" coveredstatements="0" conditionals="0" coveredconditionals="0" methods="1" coveredmethods="0"/>
      <line num="2" count="0" type="stmt"/>
    </file>
    <file name="userService.js" path="/Users/joakimvu/Documents/GitHub/Webapplikasjoner/jest_intro/src/userService.js">
      <metrics statements="2" coveredstatements="0" conditionals="0" coveredconditionals="0" methods="1" coveredmethods="0"/>
      <line num="5" count="0" type="stmt"/>
      <line num="6" count="0" type="stmt"/>
    </file>
  </project>
</coverage>
