<?xml version="1.0" encoding="UTF-8"?>
<coverage generated="1661857885214" clover="3.2.0">
  <project timestamp="1661857885215" name="All files">
    <metrics statements="5" coveredstatements="1" conditionals="2" coveredconditionals="0" methods="2" coveredmethods="1" elements="9" coveredelements="2" complexity="0" loc="5" ncloc="5" packages="1" files="2" classes="2"/>
    <file name="index.js" path="C:\Users\joaki\Documents\GitHub\Webapplikasjoner\jest_intro\src\index.js">
      <metrics statements="4" coveredstatements="0" conditionals="2" coveredconditionals="0" methods="1" coveredmethods="0"/>
      <line num="2" count="0" type="stmt"/>
      <line num="3" count="0" type="cond" truecount="0" falsecount="2"/>
      <line num="4" count="0" type="stmt"/>
      <line num="6" count="0" type="stmt"/>
    </file>
    <file name="randomPromiseFunction.js" path="C:\Users\joaki\Documents\GitHub\Webapplikasjoner\jest_intro\src\randomPromiseFunction.js">
      <metrics statements="1" coveredstatements="1" conditionals="0" coveredconditionals="0" methods="1" coveredmethods="1"/>
      <line num="2" count="1" type="stmt"/>
    </file>
  </project>
</coverage>
