{"C:\\Users\\joaki\\Documents\\GitHub\\Webapplikasjoner\\jest_intro\\src\\index.js": {"path":"C:\\Users\\joaki\\Documents\\GitHub\\Webapplikasjoner\\jest_intro\\src\\index.js","statementMap":{"0":{"start":{"line":2,"column":17},"end":{"line":2,"column":18}},"1":{"start":{"line":3,"column":2},"end":{"line":5,"column":3}},"2":{"start":{"line":4,"column":4},"end":{"line":4,"column":17}},"3":{"start":{"line":6,"column":2},"end":{"line":6,"column":22}}},"fnMap":{"0":{"name":"myFunction","decl":{"start":{"line":1,"column":16},"end":{"line":1,"column":26}},"loc":{"start":{"line":1,"column":37},"end":{"line":7,"column":1}},"line":1}},"branchMap":{"0":{"loc":{"start":{"line":3,"column":2},"end":{"line":5,"column":3}},"type":"if","locations":[{"start":{"line":3,"column":2},"end":{"line":5,"column":3}},{"start":{},"end":{}}],"line":3}},"s":{"0":0,"1":0,"2":0,"3":0},"f":{"0":0},"b":{"0":[0,0]},"_coverageSchema":"1a1c01bbd47fc00a2c39e90264f33305004495a9","hash":"21f51ba029881be423fcabd567a6831f0c3a1551"}
,"C:\\Users\\joaki\\Documents\\GitHub\\Webapplikasjoner\\jest_intro\\src\\randomPromiseFunction.js": {"path":"C:\\Users\\joaki\\Documents\\GitHub\\Webapplikasjoner\\jest_intro\\src\\randomPromiseFunction.js","statementMap":{"0":{"start":{"line":2,"column":2},"end":{"line":2,"column":11}}},"fnMap":{"0":{"name":"randomPromiseFunction","decl":{"start":{"line":1,"column":16},"end":{"line":1,"column":37}},"loc":{"start":{"line":1,"column":40},"end":{"line":3,"column":1}},"line":1}},"branchMap":{},"s":{"0":1},"f":{"0":1},"b":{},"_coverageSchema":"1a1c01bbd47fc00a2c39e90264f33305004495a9","hash":"d876bcb04176fbc34915bde2c6a2014cb0a123eb"}
}
