{"/Users/joakimvu/Documents/GitHub/Webapplikasjoner/jest_intro/src/index.js": {"path":"/Users/joakimvu/Documents/GitHub/Webapplikasjoner/jest_intro/src/index.js","statementMap":{"0":{"start":{"line":2,"column":17},"end":{"line":2,"column":18}},"1":{"start":{"line":3,"column":2},"end":{"line":5,"column":3}},"2":{"start":{"line":4,"column":4},"end":{"line":4,"column":17}},"3":{"start":{"line":6,"column":2},"end":{"line":6,"column":22}},"4":{"start":{"line":9,"column":25},"end":{"line":13,"column":1}},"5":{"start":{"line":11,"column":15},"end":{"line":11,"column":35}},"6":{"start":{"line":12,"column":2},"end":{"line":12,"column":14}}},"fnMap":{"0":{"name":"myFunction","decl":{"start":{"line":1,"column":16},"end":{"line":1,"column":26}},"loc":{"start":{"line":1,"column":37},"end":{"line":7,"column":1}},"line":1},"1":{"name":"(anonymous_1)","decl":{"start":{"line":9,"column":25},"end":{"line":9,"column":26}},"loc":{"start":{"line":9,"column":48},"end":{"line":13,"column":1}},"line":9}},"branchMap":{"0":{"loc":{"start":{"line":3,"column":2},"end":{"line":5,"column":3}},"type":"if","locations":[{"start":{"line":3,"column":2},"end":{"line":5,"column":3}},{"start":{},"end":{}}],"line":3}},"s":{"0":0,"1":0,"2":0,"3":0,"4":1,"5":1,"6":0},"f":{"0":0,"1":1},"b":{"0":[0,0]},"_coverageSchema":"1a1c01bbd47fc00a2c39e90264f33305004495a9","hash":"a6cfe47300411e032bb2744c33153c35a1bf18ab"}
,"/Users/joakimvu/Documents/GitHub/Webapplikasjoner/jest_intro/src/randomPromiseFunction.js": {"path":"/Users/joakimvu/Documents/GitHub/Webapplikasjoner/jest_intro/src/randomPromiseFunction.js","statementMap":{"0":{"start":{"line":2,"column":2},"end":{"line":2,"column":11}}},"fnMap":{"0":{"name":"randomPromiseFunction","decl":{"start":{"line":1,"column":16},"end":{"line":1,"column":37}},"loc":{"start":{"line":1,"column":40},"end":{"line":3,"column":1}},"line":1}},"branchMap":{},"s":{"0":0},"f":{"0":0},"b":{},"_coverageSchema":"1a1c01bbd47fc00a2c39e90264f33305004495a9","hash":"e29c6bb88d9eafd3a5a154dba5dde065ff7f8d43"}
,"/Users/joakimvu/Documents/GitHub/Webapplikasjoner/jest_intro/src/userService.js": {"path":"/Users/joakimvu/Documents/GitHub/Webapplikasjoner/jest_intro/src/userService.js","statementMap":{"0":{"start":{"line":5,"column":8},"end":{"line":5,"column":23}},"1":{"start":{"line":6,"column":8},"end":{"line":9,"column":9}}},"fnMap":{"0":{"name":"(anonymous_0)","decl":{"start":{"line":4,"column":4},"end":{"line":4,"column":5}},"loc":{"start":{"line":4,"column":20},"end":{"line":10,"column":5}},"line":4}},"branchMap":{},"s":{"0":0,"1":0},"f":{"0":0},"b":{},"_coverageSchema":"1a1c01bbd47fc00a2c39e90264f33305004495a9","hash":"06326e00c1f400d439dc0d1d78730858f97a014e"}
}
