{"/Users/joakimvu/Documents/GitHub/Webapplikasjoner/innleveringer/testing/index.js": {"path":"/Users/joakimvu/Documents/GitHub/Webapplikasjoner/innleveringer/testing/index.js","all":false,"statementMap":{"0":{"start":{"line":1,"column":0},"end":{"line":1,"column":65}},"1":{"start":{"line":2,"column":0},"end":{"line":2,"column":0}},"2":{"start":{"line":3,"column":0},"end":{"line":3,"column":49}},"3":{"start":{"line":4,"column":0},"end":{"line":4,"column":56}},"4":{"start":{"line":5,"column":0},"end":{"line":5,"column":40}},"5":{"start":{"line":6,"column":0},"end":{"line":6,"column":60}},"6":{"start":{"line":7,"column":0},"end":{"line":7,"column":0}},"7":{"start":{"line":8,"column":0},"end":{"line":8,"column":27}},"8":{"start":{"line":9,"column":0},"end":{"line":9,"column":35}},"9":{"start":{"line":10,"column":0},"end":{"line":10,"column":62}},"10":{"start":{"line":11,"column":0},"end":{"line":11,"column":34}},"11":{"start":{"line":12,"column":0},"end":{"line":12,"column":33}},"12":{"start":{"line":13,"column":0},"end":{"line":13,"column":12}},"13":{"start":{"line":14,"column":0},"end":{"line":14,"column":60}},"14":{"start":{"line":15,"column":0},"end":{"line":15,"column":5}},"15":{"start":{"line":16,"column":0},"end":{"line":16,"column":5}},"16":{"start":{"line":17,"column":0},"end":{"line":17,"column":27}},"17":{"start":{"line":18,"column":0},"end":{"line":18,"column":18}},"18":{"start":{"line":19,"column":0},"end":{"line":19,"column":2}}},"s":{"0":1,"1":1,"2":1,"3":3,"4":3,"5":3,"6":3,"7":3,"8":12,"9":12,"10":2,"11":2,"12":12,"13":10,"14":10,"15":3,"16":3,"17":3,"18":3},"branchMap":{"0":{"type":"branch","line":3,"loc":{"start":{"line":3,"column":26},"end":{"line":19,"column":2}},"locations":[{"start":{"line":3,"column":26},"end":{"line":19,"column":2}}]},"1":{"type":"branch","line":8,"loc":{"start":{"line":8,"column":15},"end":{"line":16,"column":4}},"locations":[{"start":{"line":8,"column":15},"end":{"line":16,"column":4}}]},"2":{"type":"branch","line":11,"loc":{"start":{"line":11,"column":-1},"end":{"line":13,"column":6}},"locations":[{"start":{"line":11,"column":-1},"end":{"line":13,"column":6}}]},"3":{"type":"branch","line":13,"loc":{"start":{"line":13,"column":6},"end":{"line":16,"column":2}},"locations":[{"start":{"line":13,"column":6},"end":{"line":16,"column":2}}]}},"b":{"0":[3],"1":[12],"2":[2],"3":[10]},"fnMap":{"0":{"name":"quizCheck","decl":{"start":{"line":3,"column":26},"end":{"line":19,"column":2}},"loc":{"start":{"line":3,"column":26},"end":{"line":19,"column":2}},"line":3}},"f":{"0":3}}
}
